c:\users\ben\source\repos\opengl first\opengl first\debug\vc141.pdb
c:\users\ben\source\repos\opengl first\opengl first\debug\vc141.idb
c:\users\ben\source\repos\opengl first\opengl first\debug\userchances.obj
c:\users\ben\source\repos\opengl first\opengl first\debug\statistics.obj
c:\users\ben\source\repos\opengl first\opengl first\debug\projectmain.obj
c:\users\ben\source\repos\opengl first\opengl first\debug\leaderscoreboard.obj
c:\users\ben\source\repos\opengl first\opengl first\debug\gamemenu.obj
c:\users\ben\source\repos\opengl first\opengl first\debug\getbonus.obj
c:\users\ben\source\repos\opengl first\opengl first\debug\exit.obj
c:\users\ben\source\repos\opengl first\opengl first\debug\diceusers.obj
c:\users\ben\source\repos\opengl first\opengl first\debug\bonusmenu.obj
c:\users\ben\source\repos\opengl first\opengl first\debug\app.obj
c:\users\ben\source\repos\opengl first\opengl first\debug\graphics.obj
c:\users\ben\source\repos\opengl first\debug\opengl first.exe
c:\users\ben\source\repos\opengl first\debug\opengl first.ilk
c:\users\ben\source\repos\opengl first\debug\opengl first.pdb
c:\users\ben\source\repos\opengl first\opengl first\debug\opengl first.tlog\cl.command.1.tlog
c:\users\ben\source\repos\opengl first\opengl first\debug\opengl first.tlog\cl.read.1.tlog
c:\users\ben\source\repos\opengl first\opengl first\debug\opengl first.tlog\cl.write.1.tlog
c:\users\ben\source\repos\opengl first\opengl first\debug\opengl first.tlog\link.command.1.tlog
c:\users\ben\source\repos\opengl first\opengl first\debug\opengl first.tlog\link.read.1.tlog
c:\users\ben\source\repos\opengl first\opengl first\debug\opengl first.tlog\link.write.1.tlog
